<?xml version="1.0" encoding="UTF-8"?>
<!-- Generated by org.testng.reporters.JUnitXMLReporter -->
<testsuite ignored="0" hostname="DESKTOP-7QK9UP4" failures="0" tests="3" name="Default test" time="138.32" errors="0" timestamp="2023-05-25T11:08:56 IST">
  <testcase classname="testAnnotations.GoogleSearchTestCase" name="search1" time="20.823"/>
  <testcase classname="testAnnotations.GoogleSearchTestCase" name="search2" time="10.265"/>
  <testcase classname="testAnnotations.GoogleSearchTestCase" name="serach3" time="6.562"/>
</testsuite> <!-- Default test -->
