<?xml version="1.0" encoding="UTF-8"?>
<!-- Generated by org.testng.reporters.JUnitXMLReporter -->
<testsuite ignored="0" hostname="DESKTOP-7QK9UP4" failures="0" tests="18" name="Default test" time="0.094" errors="0" timestamp="2023-05-28T19:07:42 IST">
  <testcase classname="testNGFlag.Flag7" name="methodFT1" time="0.01"/>
  <testcase classname="testNGFlag.Flag7" name="methodFT2" time="0.001"/>
  <testcase classname="testNGFlag.Flag7" name="methodFT3" time="0.001"/>
  <testcase classname="testNGFlag.Flag7" name="methodFT4" time="0.001"/>
  <testcase classname="testNGFlag.Flag7" name="methodFT5" time="0.001"/>
  <testcase classname="testNGFlag.Flag7" name="methodFT6" time="0.002"/>
  <testcase classname="testNGFlag.Flag7" name="methodIT1" time="0.001"/>
  <testcase classname="testNGFlag.Flag7" name="methodIT2" time="0.0"/>
  <testcase classname="testNGFlag.Flag7" name="methodIT3" time="0.001"/>
  <testcase classname="testNGFlag.Flag7" name="methodIT4" time="0.001"/>
  <testcase classname="testNGFlag.Flag7" name="methodIT5" time="0.002"/>
  <testcase classname="testNGFlag.Flag7" name="methodIT6" time="0.001"/>
  <testcase classname="testNGFlag.Flag7" name="methodST1" time="0.0"/>
  <testcase classname="testNGFlag.Flag7" name="methodST2" time="0.001"/>
  <testcase classname="testNGFlag.Flag7" name="methodST3" time="0.001"/>
  <testcase classname="testNGFlag.Flag7" name="methodST4" time="0.0"/>
  <testcase classname="testNGFlag.Flag7" name="methodST5" time="0.001"/>
  <testcase classname="testNGFlag.Flag7" name="methodST6" time="0.001"/>
</testsuite> <!-- Default test -->
