<?xml version="1.0" encoding="UTF-8"?>
<!-- Generated by org.testng.reporters.JUnitXMLReporter -->
<testsuite ignored="0" hostname="DESKTOP-7QK9UP4" failures="1" tests="9" name="Test" time="0.103" errors="0" timestamp="2023-05-25T10:41:21 IST">
  <testcase classname="testNGPackage2.DemoTest1" name="test1Method1" time="0.01"/>
  <testcase classname="testNGPackage2.DemoTest1" name="test1Method2" time="0.002"/>
  <testcase classname="testNGPackage2.DemoTest1" name="test1Method3" time="0.002"/>
  <testcase classname="testNGPackage2.DemoTest2" name="test2Method1" time="0.002"/>
  <testcase classname="testNGPackage2.DemoTest2" name="test2Method2" time="0.001"/>
  <testcase classname="testNGPackage2.DemoTest2" name="test2Method3" time="0.004">
    <failure type="java.lang.ArithmeticException" message="/ by zero">
      <![CDATA[java.lang.ArithmeticException: / by zero
at testNGPackage2.DemoTest2.test2Method3(DemoTest2.java:23)
at java.base/java.util.ArrayList.forEach(ArrayList.java:1511)
... Removed 27 stack frames]]>
    </failure>
  </testcase> <!-- test2Method3 -->
  <testcase classname="testNGPackage2.DemoTest3" name="test3Method1" time="0.001"/>
  <testcase classname="testNGPackage2.DemoTest3" name="test3Method2" time="0.002"/>
  <testcase classname="testNGPackage2.DemoTest3" name="test3Method3" time="0.002"/>
</testsuite> <!-- Test -->
