<?xml version="1.0" encoding="UTF-8"?>
<!-- Generated by org.testng.reporters.JUnitXMLReporter -->
<testsuite ignored="2" hostname="DESKTOP-7QK9UP4" failures="1" tests="1" name="Test(failed)" time="0.055" errors="0" timestamp="2023-05-25T10:51:55 IST">
  <testcase classname="testNGPackage2.DemoTest2" name="test2Method3" time="0.008">
    <failure type="java.lang.ArithmeticException" message="/ by zero">
      <![CDATA[java.lang.ArithmeticException: / by zero
at testNGPackage2.DemoTest2.test2Method3(DemoTest2.java:23)
at java.base/java.util.ArrayList.forEach(ArrayList.java:1511)
... Removed 27 stack frames]]>
    </failure>
  </testcase> <!-- test2Method3 -->
  <testcase classname="testNGPackage2.DemoTest2" name="test2Method2" time="0.0">
    <ignored/>
  </testcase> <!-- test2Method2 -->
  <testcase classname="testNGPackage2.DemoTest2" name="test2Method1" time="0.0">
    <ignored/>
  </testcase> <!-- test2Method1 -->
</testsuite> <!-- Test(failed) -->
