<?xml version="1.0" encoding="UTF-8"?>
<testng-results ignored="0" total="2" passed="2" failed="0" skipped="0">
  <reporter-output>
  </reporter-output>
  <suite started-at="2023-07-18T23:30:40 IST" name="Suite" finished-at="2023-07-18T23:31:55 IST" duration-ms="74793">
    <groups>
    </groups>
    <test started-at="2023-07-18T23:30:40 IST" name="ChromeTest" finished-at="2023-07-18T23:31:07 IST" duration-ms="26899">
      <class name="testNGExecution.SelectBrowser">
        <test-method signature="method1(java.lang.String,java.lang.String,java.lang.String,java.lang.String)[pri:0, instance:testNGExecution.SelectBrowser@2dde1bff]" started-at="2023-07-18T23:30:40 IST" name="method1" finished-at="2023-07-18T23:31:07 IST" duration-ms="26848" status="PASS">
          <params>
            <param index="0">
              <value>
                <![CDATA[chrome]]>
              </value>
            </param>
            <param index="1">
              <value>
                <![CDATA[http://desktop-7qk9up4/login.do]]>
              </value>
            </param>
            <param index="2">
              <value>
                <![CDATA[admin]]>
              </value>
            </param>
            <param index="3">
              <value>
                <![CDATA[manager]]>
              </value>
            </param>
          </params>
          <reporter-output>
          </reporter-output>
        </test-method> <!-- method1 -->
      </class> <!-- testNGExecution.SelectBrowser -->
    </test> <!-- ChromeTest -->
    <test started-at="2023-07-18T23:31:07 IST" name="EdgeTest" finished-at="2023-07-18T23:31:55 IST" duration-ms="47119">
      <class name="testNGExecution.SelectBrowser">
        <test-method signature="method1(java.lang.String,java.lang.String,java.lang.String,java.lang.String)[pri:0, instance:testNGExecution.SelectBrowser@7e7be63f]" started-at="2023-07-18T23:31:07 IST" name="method1" finished-at="2023-07-18T23:31:55 IST" duration-ms="47110" status="PASS">
          <params>
            <param index="0">
              <value>
                <![CDATA[edge]]>
              </value>
            </param>
            <param index="1">
              <value>
                <![CDATA[http://desktop-7qk9up4/login.do]]>
              </value>
            </param>
            <param index="2">
              <value>
                <![CDATA[admin]]>
              </value>
            </param>
            <param index="3">
              <value>
                <![CDATA[manager]]>
              </value>
            </param>
          </params>
          <reporter-output>
          </reporter-output>
        </test-method> <!-- method1 -->
      </class> <!-- testNGExecution.SelectBrowser -->
    </test> <!-- EdgeTest -->
  </suite> <!-- Suite -->
</testng-results>
